Build started 2/7/2016 11:45:10 AM.
     1>Project "C:\Users\Stephen\Documents\Visual Studio 2015\Projects\Pong\Pong\Pong.vcxproj" on node 2 (Build target(s)).
     1>ClCompile:
         C:\Program Files (x86)\Microsoft Visual Studio 14.0\VC\bin\CL.exe /c /IC:\SDL\include /ZI /nologo /W3 /WX- /sdl /Od /Oy- /D WIN32 /D _DEBUG /D _CONSOLE /D _UNICODE /D UNICODE /Gm /EHsc /RTC1 /MDd /GS /fp:precise /Zc:wchar_t /Zc:forScope /Zc:inline /Yu"stdafx.h" /Fp"Debug\Pong.pch" /Fo"Debug\\" /Fd"Debug\vc140.pdb" /Gd /TP /analyze- /errorReport:prompt Ball.cpp Board.cpp Game.cpp main.cpp
         Ball.cpp
     1>c:\users\stephen\documents\visual studio 2015\projects\pong\pong\ball.cpp(34): warning C4244: '=': conversion from 'float' to 'int', possible loss of data
     1>c:\users\stephen\documents\visual studio 2015\projects\pong\pong\ball.cpp(35): warning C4244: '=': conversion from 'float' to 'int', possible loss of data
         Generating Code...
         Compiling...
         main.cpp
         Game.cpp
     1>c:\users\stephen\documents\visual studio 2015\projects\pong\pong\game.cpp(68): warning C4244: '=': conversion from 'float' to 'unsigned int', possible loss of data
         Generating Code...
         Skipping... (no relevant changes detected)
         Board.cpp
       Link:
         C:\Program Files (x86)\Microsoft Visual Studio 14.0\VC\bin\link.exe /ERRORREPORT:PROMPT /OUT:"C:\Users\Stephen\Documents\Visual Studio 2015\Projects\Pong\Debug\Pong.exe" /INCREMENTAL /NOLOGO /LIBPATH:C:\SDL\lib\win32 SDL2.lib SDL2main.lib SDL2_image.lib SDL2_mixer.lib SDL2_ttf.lib opengl32.lib glew32.lib kernel32.lib user32.lib gdi32.lib winspool.lib comdlg32.lib advapi32.lib shell32.lib ole32.lib oleaut32.lib uuid.lib odbc32.lib odbccp32.lib /MANIFEST /MANIFESTUAC:"level='asInvoker' uiAccess='false'" /manifest:embed /Debug /PDB:"C:\Users\Stephen\Documents\Visual Studio 2015\Projects\Pong\Debug\Pong.pdb" /SUBSYSTEM:CONSOLE /TLBID:1 /DYNAMICBASE /NXCOMPAT /IMPLIB:"C:\Users\Stephen\Documents\Visual Studio 2015\Projects\Pong\Debug\Pong.lib" /MACHINE:X86 Debug\AudioEngine.obj
         Debug\Ball.obj
         Debug\Board.obj
         Debug\Entity.obj
         Debug\Game.obj
         Debug\main.obj
         Debug\Paddle.obj
         Debug\sError.obj
         Debug\stdafx.obj
         Pong.vcxproj -> C:\Users\Stephen\Documents\Visual Studio 2015\Projects\Pong\Debug\Pong.exe
     1>Done Building Project "C:\Users\Stephen\Documents\Visual Studio 2015\Projects\Pong\Pong\Pong.vcxproj" (Build target(s)).

Build succeeded.

Time Elapsed 00:00:00.56
