Build started 2/7/2016 11:45:43 AM.
     1>Project "C:\Users\Stephen\Documents\Visual Studio 2015\Projects\Pong\Pong\Pong.vcxproj" on node 2 (Build target(s)).
     1>ClCompile:
         C:\Program Files (x86)\Microsoft Visual Studio 14.0\VC\bin\CL.exe /c /IC:\SDL\include /Zi /nologo /W3 /WX- /sdl /O2 /Oi /Oy- /GL /D WIN32 /D NDEBUG /D _CONSOLE /D _UNICODE /D UNICODE /Gm- /EHsc /MD /GS /Gy /fp:precise /Zc:wchar_t /Zc:forScope /Zc:inline /Yu"stdafx.h" /Fp"Release\Pong.pch" /Fo"Release\\" /Fd"Release\vc140.pdb" /Gd /TP /analyze- /errorReport:prompt Ball.cpp Game.cpp main.cpp
         Ball.cpp
     1>Ball.cpp(34): warning C4244: '=': conversion from 'float' to 'int', possible loss of data
     1>Ball.cpp(35): warning C4244: '=': conversion from 'float' to 'int', possible loss of data
         Game.cpp
     1>Game.cpp(68): warning C4244: '=': conversion from 'float' to 'unsigned int', possible loss of data
         main.cpp
       Link:
         C:\Program Files (x86)\Microsoft Visual Studio 14.0\VC\bin\link.exe /ERRORREPORT:PROMPT /OUT:"C:\Users\Stephen\Documents\Visual Studio 2015\Projects\Pong\Release\Pong.exe" /INCREMENTAL:NO /NOLOGO /LIBPATH:C:\SDL\lib\win32 SDL2.lib SDL2main.lib SDL2_image.lib SDL2_mixer.lib SDL2_ttf.lib opengl32.lib glew32.lib kernel32.lib user32.lib gdi32.lib winspool.lib comdlg32.lib advapi32.lib shell32.lib ole32.lib oleaut32.lib uuid.lib odbc32.lib odbccp32.lib /MANIFEST /MANIFESTUAC:"level='asInvoker' uiAccess='false'" /manifest:embed /Debug /PDB:"C:\Users\Stephen\Documents\Visual Studio 2015\Projects\Pong\Release\Pong.pdb" /SUBSYSTEM:CONSOLE /OPT:REF /OPT:ICF /LTCG:incremental /TLBID:1 /DYNAMICBASE /NXCOMPAT /IMPLIB:"C:\Users\Stephen\Documents\Visual Studio 2015\Projects\Pong\Release\Pong.lib" /MACHINE:X86 /SAFESEH Release\AudioEngine.obj
         Release\Ball.obj
         Release\Board.obj
         Release\Entity.obj
         Release\Game.obj
         Release\main.obj
         Release\Paddle.obj
         Release\sError.obj
         Release\stdafx.obj
         Generating code
         6 of 503 functions ( 1.2%) were compiled, the rest were copied from previous compilation.
           0 functions were new in current compilation
           2 functions had inline decision re-evaluated but remain unchanged
         Finished generating code
         Pong.vcxproj -> C:\Users\Stephen\Documents\Visual Studio 2015\Projects\Pong\Release\Pong.exe
     1>Done Building Project "C:\Users\Stephen\Documents\Visual Studio 2015\Projects\Pong\Pong\Pong.vcxproj" (Build target(s)).

Build succeeded.

Time Elapsed 00:00:00.81
